[debug] [2018-03-22T15:16:50.516Z] ----------------------------------------------------------------------
[debug] [2018-03-22T15:16:50.516Z] Command:       C:\Program Files\nodejs\node.exe C:\Users\mohan\AppData\Roaming\npm\node_modules\firebase-tools\bin\firebase init
[debug] [2018-03-22T15:16:50.516Z] CLI Version:   3.17.6
[debug] [2018-03-22T15:16:50.516Z] Platform:      win32
[debug] [2018-03-22T15:16:50.516Z] Node Version:  v9.9.0
[debug] [2018-03-22T15:16:50.516Z] Time:          Thu Mar 22 2018 09:16:50 GMT-0600 (Canada Central Standard Time)
[debug] [2018-03-22T15:16:50.516Z] ----------------------------------------------------------------------
[debug] 
[debug] [2018-03-22T15:16:50.532Z] > command requires scopes: ["email","openid","https://www.googleapis.com/auth/cloudplatformprojects.readonly","https://www.googleapis.com/auth/firebase"]
[debug] [2018-03-22T15:16:50.532Z] > authorizing via signed-in user
[info] 
     ######## #### ########  ######## ########     ###     ######  ########
     ##        ##  ##     ## ##       ##     ##  ##   ##  ##       ##
     ######    ##  ########  ######   ########  #########  ######  ######
     ##        ##  ##    ##  ##       ##     ## ##     ##       ## ##
     ##       #### ##     ## ######## ########  ##     ##  ######  ########

You're about to initialize a Firebase project in this directory:

  D:\ReactProjects\react-firebase-boilerplate

[info] 
=== Project Setup
[info] 
[info] First, let's associate this project directory with a Firebase project.
[info] You can create multiple project aliases by running firebase use --add, 
[info] but for now we'll just set up a default project.
[info] 
[debug] [2018-03-22T15:16:58.478Z] > refreshing access token with scopes: ["email","https://www.googleapis.com/auth/cloudplatformprojects.readonly","https://www.googleapis.com/auth/firebase","openid"]
[debug] [2018-03-22T15:16:58.478Z] >>> HTTP REQUEST POST https://www.googleapis.com/oauth2/v3/token  
 { refresh_token: '1/3pUVmalY6w_12qdnmwbNtDKLzmMEvCsbNG4HIutPdcU',
  client_id: '563584335869-fgrhgmd47bqnekij5i8b5pr03ho849e6.apps.googleusercontent.com',
  client_secret: 'j9iVZfS8kkCEFUPaAeJV0sAi',
  grant_type: 'refresh_token',
  scope: 'email https://www.googleapis.com/auth/cloudplatformprojects.readonly https://www.googleapis.com/auth/firebase openid' } 
 Thu Mar 22 2018 09:16:58 GMT-0600 (Canada Central Standard Time)
[debug] [2018-03-22T15:16:58.837Z] <<< HTTP RESPONSE 200
[debug] [2018-03-22T15:16:58.853Z] >>> HTTP REQUEST GET https://admin.firebase.com/v1/projects  
  
 Thu Mar 22 2018 09:16:58 GMT-0600 (Canada Central Standard Time)
[debug] [2018-03-22T15:16:59.930Z] <<< HTTP RESPONSE 200
